2025-07-13 20:53:43 [main] INFO  utilities.Log - Privacy Policy
2025-07-13 21:04:10 [main] INFO  utilities.Log - Execution Starts
2025-07-13 21:04:45 [main] INFO  utilities.Log - Execution Completed
2025-07-13 21:04:52 [main] INFO  utilities.Log - Execution Completed
2025-07-13 21:07:07 [main] INFO  utilities.Log - Execution Starts
2025-07-13 21:07:56 [main] INFO  utilities.Log - Privacy Policy
2025-07-13 21:08:06 [main] INFO  utilities.Log - Execution Completed
2025-07-13 21:17:54 [main] INFO  utilities.Log - Execution Starts
2025-07-13 21:18:23 [main] INFO  utilities.Log - Privacy Policy
2025-07-13 21:18:34 [main] INFO  utilities.Log - Execution Completed
2025-07-13 21:21:13 [main] INFO  utilities.Log - Execution Starts
2025-07-13 21:22:00 [main] INFO  utilities.Log - Privacy Policy
2025-07-13 21:22:13 [main] INFO  utilities.Log - Execution Completed
2025-07-13 21:26:54 [main] INFO  utilities.Log - Execution Starts
2025-07-13 21:27:35 [main] INFO  utilities.Log - Privacy Policy
2025-07-13 21:27:45 [main] INFO  utilities.Log - Execution Completed
2025-07-13 21:34:02 [main] INFO  testclasses.BaseClass - Execution Starts
2025-07-13 21:34:35 [main] INFO  pages.RegisterPage - Privacy Policy
2025-07-13 21:34:45 [main] INFO  testclasses.BaseClass - Execution Completed
2025-07-14 08:49:16 [main] INFO  base.BaseClass - Execution Starts
2025-07-14 08:51:43 [main] INFO  base.BaseClass - Execution Starts
2025-07-14 08:52:18 [main] INFO  pages.RegisterPage - Privacy Policy
2025-07-14 08:52:30 [main] INFO  base.BaseClass - Execution Completed
2025-07-14 08:56:29 [main] INFO  base.BaseClass - Execution Starts
2025-07-14 08:57:11 [main] INFO  pages.RegisterPage - Privacy Policy
2025-07-14 08:57:22 [main] INFO  base.BaseClass - Execution Completed
2025-07-14 09:06:53 [main] INFO  base.BaseClass - Execution Starts
2025-07-14 09:07:19 [main] INFO  pages.RegisterPage - Privacy Policy
2025-07-14 09:07:32 [main] INFO  base.BaseClass - Execution Completed
2025-07-14 18:22:47 [main] INFO  base.BaseClass - Execution Starts
2025-07-14 18:23:35 [main] INFO  pages.RegisterPage - Privacy Policy
2025-07-14 18:23:48 [main] INFO  base.BaseClass - Execution Completed
2025-07-14 18:30:16 [main] INFO  base.BaseClass - Execution Starts
2025-07-14 18:31:17 [main] INFO  pages.RegisterPage - Privacy Policy
2025-07-14 18:31:29 [main] INFO  base.BaseClass - Execution Completed
2025-07-14 18:33:01 [main] INFO  base.BaseClass - Execution Starts
2025-07-14 18:33:41 [main] INFO  pages.RegisterPage - Privacy Policy
2025-07-14 18:35:58 [main] INFO  base.BaseClass - Execution Starts
2025-07-14 18:36:31 [main] INFO  pages.RegisterPage - Privacy Policy
2025-07-14 18:36:43 [main] INFO  base.BaseClass - Execution Completed
2025-07-15 08:40:17 [main] INFO  base.BaseClass - Execution Starts
2025-07-15 08:41:09 [main] INFO  pages.RegisterPage - Privacy Policy
2025-07-15 08:41:26 [main] INFO  base.BaseClass - Execution Completed
2025-07-15 08:51:17 [main] INFO  base.BaseClass - Execution Starts
2025-07-15 08:51:50 [main] INFO  pages.RegisterPage - Privacy Policy
2025-07-15 08:52:01 [main] INFO  base.BaseClass - Execution Completed
2025-07-15 08:53:15 [main] INFO  base.BaseClass - Execution Starts
2025-07-15 08:53:56 [main] INFO  pages.RegisterPage - Privacy Policy
2025-07-15 08:54:10 [main] INFO  base.BaseClass - Execution Completed
2025-07-15 08:56:28 [main] INFO  base.BaseClass - Execution Starts
2025-07-15 08:56:51 [main] INFO  pages.RegisterPage - Privacy Policy
2025-07-15 08:57:03 [main] INFO  base.BaseClass - Execution Completed
2025-07-15 09:05:59 [main] INFO  base.BaseClass - Execution Starts
2025-07-15 09:06:50 [main] INFO  pages.RegisterPage - Privacy Policy
2025-07-15 09:07:02 [main] INFO  base.BaseClass - Execution Completed
2025-07-15 09:13:05 [main] INFO  base.BaseClass - Execution Starts
2025-07-15 09:13:36 [main] INFO  pages.RegisterPage - Privacy Policy
2025-07-15 09:13:47 [main] INFO  base.BaseClass - Execution Completed
2025-07-16 07:10:04 [main] INFO  base.BaseClass - Execution Starts
2025-07-16 07:10:47 [main] INFO  pages.RegisterPage - Privacy Policy
2025-07-16 07:10:59 [main] INFO  base.BaseClass - Execution Completed
2025-07-16 07:23:32 [main] INFO  base.BaseClass - Execution Starts
2025-07-16 07:24:18 [main] INFO  pages.RegisterPage - Privacy Policy
2025-07-16 07:24:29 [main] INFO  base.BaseClass - Execution Completed
2025-07-16 07:33:03 [main] INFO  base.BaseClass - Execution Starts
2025-07-16 07:33:25 [main] INFO  pages.RegisterPage - Privacy Policy
2025-07-16 07:33:37 [main] INFO  base.BaseClass - Execution Completed
2025-07-16 07:34:59 [main] INFO  base.BaseClass - Execution Starts
2025-07-16 07:35:45 [main] INFO  pages.RegisterPage - Privacy Policy
2025-07-16 07:35:56 [main] INFO  base.BaseClass - Execution Completed
2025-07-16 21:04:40 [main] INFO  base.BaseClass - Execution Starts
2025-07-16 21:04:55 [main] INFO  pages.RegisterPage - Privacy Policy
2025-07-16 21:05:06 [main] INFO  base.BaseClass - Execution Completed
2025-07-17 07:28:26 [main] INFO  base.BaseClass - Execution Starts
2025-07-17 07:28:39 [main] INFO  utilities.BrokenLinkCheck - Error Message : Cannot invoke "String.length()" because "spec" is null
2025-07-17 07:28:40 [main] INFO  utilities.BrokenLinkCheck - https://demoqa.com/ COnnection Success, Code = 200
2025-07-17 07:28:40 [main] INFO  utilities.BrokenLinkCheck - http://demoqa.com/ COnnection Success, Code = 301
2025-07-17 07:28:40 [main] INFO  utilities.BrokenLinkCheck - http://the-internet.herokuapp.com/status_codes/500 COnnection Failed, Code = 500
2025-07-17 07:28:41 [main] INFO  utilities.BrokenLinkCheck - Error Message : Cannot invoke "String.length()" because "spec" is null
2025-07-17 07:28:41 [main] INFO  base.BaseClass - Execution Completed
2025-07-17 07:30:07 [main] INFO  base.BaseClass - Execution Starts
2025-07-17 07:30:20 [main] INFO  utilities.BrokenLinkCheck - Error Message : Cannot invoke "String.length()" because "spec" is null
2025-07-17 07:30:21 [main] INFO  utilities.BrokenLinkCheck - https://demoqa.com/ Connection Success, Code = 200
2025-07-17 07:30:22 [main] INFO  utilities.BrokenLinkCheck - http://demoqa.com/ Connection Success, Code = 301
2025-07-17 07:30:22 [main] INFO  utilities.BrokenLinkCheck - http://the-internet.herokuapp.com/status_codes/500 Connection Failed, Code = 500
2025-07-17 07:30:22 [main] INFO  utilities.BrokenLinkCheck - Error Message : Cannot invoke "String.length()" because "spec" is null
2025-07-17 07:30:23 [main] INFO  base.BaseClass - Execution Completed
2025-07-17 07:35:44 [main] INFO  base.BaseClass - Execution Starts
2025-07-17 07:35:53 [main] INFO  utilities.BrokenLinkCheck - Empty Link
2025-07-17 07:35:54 [main] INFO  utilities.BrokenLinkCheck - https://demoqa.com/ Connection Success, Code = 200
2025-07-17 07:35:54 [main] INFO  utilities.BrokenLinkCheck - http://demoqa.com/ Connection Success, Code = 301
2025-07-17 07:35:55 [main] INFO  utilities.BrokenLinkCheck - http://the-internet.herokuapp.com/status_codes/500 Connection Failed, Code = 500
2025-07-17 07:35:55 [main] INFO  utilities.BrokenLinkCheck - Empty Link
2025-07-17 07:35:55 [main] INFO  base.BaseClass - Execution Completed
2025-07-17 08:04:31 [main] INFO  base.BaseClass - Execution Starts
2025-07-17 08:04:36 [main] INFO  base.BaseClass - Execution Completed
2025-07-17 08:12:01 [main] INFO  base.BaseClass - Execution Starts
2025-07-17 08:12:06 [main] INFO  pages.RegisterPage - Privacy Policy
2025-07-17 08:12:07 [main] INFO  base.BaseClass - Execution Completed
<<<<<<< HEAD
2025-07-17 08:28:10 [main] INFO  base.BaseClass - Execution Starts
2025-07-17 08:28:15 [main] INFO  pages.RegisterPage - Privacy Policy
2025-07-17 08:28:16 [main] INFO  base.BaseClass - Execution Completed
=======
2025-07-17 08:31:17 [main] INFO  base.BaseClass - Execution Starts
2025-07-17 08:31:26 [main] INFO  pages.RegisterPage - Privacy Policy
2025-07-17 08:31:26 [main] INFO  base.BaseClass - Execution Completed
2025-07-17 12:02:46 [main] INFO  base.BaseClass - Execution Starts
2025-07-17 12:02:56 [main] INFO  pages.RegisterPage - Privacy Policy
2025-07-17 12:02:57 [main] INFO  base.BaseClass - Execution Completed
2025-07-17 12:03:18 [main] INFO  base.BaseClass - Execution Starts
2025-07-17 12:03:25 [main] INFO  pages.RegisterPage - Privacy Policy
2025-07-17 12:03:25 [main] INFO  base.BaseClass - Execution Completed
2025-07-17 12:04:59 [main] INFO  base.BaseClass - Execution Starts
2025-07-17 12:06:06 [main] INFO  base.BaseClass - Execution Completed
2025-07-17 12:13:27 [main] INFO  base.BaseClass - Execution Starts
2025-07-17 12:13:34 [main] INFO  pages.RegisterPage - Privacy Policy
2025-07-17 12:13:35 [main] INFO  base.BaseClass - Execution Completed
2025-07-17 12:15:14 [main] INFO  base.BaseClass - Execution Starts
2025-07-17 12:16:28 [main] INFO  base.BaseClass - Execution Starts
2025-07-17 12:17:38 [main] INFO  base.BaseClass - Execution Starts
2025-07-17 12:17:45 [main] INFO  pages.RegisterPage - Privacy Policy
2025-07-17 12:17:46 [main] INFO  base.BaseClass - Execution Completed
2025-07-17 12:18:06 [main] INFO  base.BaseClass - Execution Starts
2025-07-17 12:18:13 [main] INFO  pages.RegisterPage - Privacy Policy
2025-07-17 12:18:14 [main] INFO  base.BaseClass - Execution Completed
>>>>>>> branch 'master' of https://github.com/Visva2000/SeleniumPractice.git
2025-07-17 15:48:49 [main] INFO  base.BaseClass - Execution Starts
2025-07-17 15:48:58 [main] INFO  pages.RegisterPage - Privacy Policy
2025-07-17 15:48:59 [main] INFO  base.BaseClass - Execution Completed
2025-07-17 15:49:36 [main] INFO  base.BaseClass - Execution Starts
2025-07-17 15:49:41 [main] INFO  pages.RegisterPage - Privacy Policy
2025-07-17 15:49:41 [main] INFO  base.BaseClass - Execution Completed
2025-07-17 15:50:12 [main] INFO  base.BaseClass - Execution Starts
2025-07-17 15:50:17 [main] INFO  pages.RegisterPage - Privacy Policy
2025-07-17 15:50:18 [main] INFO  base.BaseClass - Execution Completed
2025-07-17 15:50:41 [main] INFO  base.BaseClass - Execution Starts
2025-07-17 15:50:46 [main] INFO  pages.RegisterPage - Privacy Policy
2025-07-17 15:50:46 [main] INFO  base.BaseClass - Execution Completed
2025-07-18 00:47:28 [main] INFO  base.BaseClass - Execution Starts
2025-07-18 00:47:37 [main] INFO  pages.TablesPage - Structure
2025-07-18 00:47:37 [main] INFO  pages.TablesPage - Country
2025-07-18 00:47:37 [main] INFO  pages.TablesPage - City
2025-07-18 00:47:37 [main] INFO  pages.TablesPage - Height
2025-07-18 00:47:37 [main] INFO  pages.TablesPage - Built
2025-07-18 00:47:37 [main] INFO  pages.TablesPage - Rank
2025-07-18 00:47:37 [main] INFO  pages.TablesPage - …
2025-07-18 00:47:37 [main] INFO  base.BaseClass - Execution Completed
2025-07-18 01:21:43 [main] INFO  base.BaseClass - Execution Starts
2025-07-18 01:21:51 [main] INFO  pages.TablesPage - Structure = Taiwan
2025-07-18 01:21:51 [main] INFO  pages.TablesPage - Country = Taiwan
2025-07-18 01:21:51 [main] INFO  pages.TablesPage - City = Taiwan
2025-07-18 01:21:51 [main] INFO  pages.TablesPage - Height = Taiwan
2025-07-18 01:21:51 [main] INFO  pages.TablesPage - Built = Taiwan
2025-07-18 01:21:51 [main] INFO  pages.TablesPage - Rank = Taiwan
2025-07-18 01:21:51 [main] INFO  pages.TablesPage - … = Taiwan
2025-07-18 01:21:51 [main] INFO  pages.TablesPage - Structure = Taipei
2025-07-18 01:21:51 [main] INFO  pages.TablesPage - Country = Taipei
2025-07-18 01:21:51 [main] INFO  pages.TablesPage - City = Taipei
2025-07-18 01:21:51 [main] INFO  pages.TablesPage - Height = Taipei
2025-07-18 01:21:51 [main] INFO  pages.TablesPage - Built = Taipei
2025-07-18 01:21:51 [main] INFO  pages.TablesPage - Rank = Taipei
2025-07-18 01:21:51 [main] INFO  pages.TablesPage - … = Taipei
2025-07-18 01:21:51 [main] INFO  pages.TablesPage - Structure = 509m
2025-07-18 01:21:51 [main] INFO  pages.TablesPage - Country = 509m
2025-07-18 01:21:51 [main] INFO  pages.TablesPage - City = 509m
2025-07-18 01:21:51 [main] INFO  pages.TablesPage - Height = 509m
2025-07-18 01:21:52 [main] INFO  pages.TablesPage - Built = 509m
2025-07-18 01:21:52 [main] INFO  pages.TablesPage - Rank = 509m
2025-07-18 01:21:52 [main] INFO  pages.TablesPage - … = 509m
2025-07-18 01:21:52 [main] INFO  pages.TablesPage - Structure = 2004
2025-07-18 01:21:52 [main] INFO  pages.TablesPage - Country = 2004
2025-07-18 01:21:52 [main] INFO  pages.TablesPage - City = 2004
2025-07-18 01:21:52 [main] INFO  pages.TablesPage - Height = 2004
2025-07-18 01:21:52 [main] INFO  pages.TablesPage - Built = 2004
2025-07-18 01:21:52 [main] INFO  pages.TablesPage - Rank = 2004
2025-07-18 01:21:52 [main] INFO  pages.TablesPage - … = 2004
2025-07-18 01:21:52 [main] INFO  pages.TablesPage - Structure = 3
2025-07-18 01:21:52 [main] INFO  pages.TablesPage - Country = 3
2025-07-18 01:21:52 [main] INFO  pages.TablesPage - City = 3
2025-07-18 01:21:52 [main] INFO  pages.TablesPage - Height = 3
2025-07-18 01:21:52 [main] INFO  pages.TablesPage - Built = 3
2025-07-18 01:21:52 [main] INFO  pages.TablesPage - Rank = 3
2025-07-18 01:21:52 [main] INFO  pages.TablesPage - … = 3
2025-07-18 01:21:52 [main] INFO  pages.TablesPage - Structure = 
2025-07-18 01:21:52 [main] INFO  pages.TablesPage - Country = 
2025-07-18 01:21:52 [main] INFO  pages.TablesPage - City = 
2025-07-18 01:21:52 [main] INFO  pages.TablesPage - Height = 
2025-07-18 01:21:52 [main] INFO  pages.TablesPage - Built = 
2025-07-18 01:21:52 [main] INFO  pages.TablesPage - Rank = 
2025-07-18 01:21:52 [main] INFO  pages.TablesPage - … = 
2025-07-18 01:21:53 [main] INFO  base.BaseClass - Execution Completed
2025-07-18 01:24:33 [main] INFO  base.BaseClass - Execution Starts
2025-07-18 01:24:41 [main] INFO  pages.TablesPage - Country = Taiwan
2025-07-18 01:24:41 [main] INFO  pages.TablesPage - Country = Taipei
2025-07-18 01:24:41 [main] INFO  pages.TablesPage - Country = 509m
2025-07-18 01:24:41 [main] INFO  pages.TablesPage - Country = 2004
2025-07-18 01:24:41 [main] INFO  pages.TablesPage - Country = 3
2025-07-18 01:24:41 [main] INFO  pages.TablesPage - Country = 
2025-07-18 01:24:42 [main] INFO  base.BaseClass - Execution Completed
2025-07-18 01:27:33 [main] INFO  base.BaseClass - Execution Starts
2025-07-18 01:27:39 [main] INFO  pages.TablesPage - Country = Taiwan
2025-07-18 01:27:39 [main] INFO  pages.TablesPage - City = Taiwan
2025-07-18 01:27:39 [main] INFO  pages.TablesPage - Height = Taiwan
2025-07-18 01:27:39 [main] INFO  pages.TablesPage - Built = Taiwan
2025-07-18 01:27:39 [main] INFO  pages.TablesPage - Rank = Taiwan
2025-07-18 01:27:39 [main] INFO  pages.TablesPage - … = Taiwan
2025-07-18 01:27:40 [main] INFO  base.BaseClass - Execution Completed
2025-07-18 01:30:50 [main] INFO  base.BaseClass - Execution Starts
2025-07-18 01:30:55 [main] INFO  pages.TablesPage - Country = Taiwan
2025-07-18 01:30:55 [main] INFO  pages.TablesPage - Taiwan
2025-07-18 01:30:55 [main] INFO  pages.TablesPage - City = Taiwan
2025-07-18 01:30:55 [main] INFO  pages.TablesPage - Taiwan
2025-07-18 01:30:55 [main] INFO  pages.TablesPage - Height = Taiwan
2025-07-18 01:30:55 [main] INFO  pages.TablesPage - Taiwan
2025-07-18 01:30:56 [main] INFO  pages.TablesPage - Built = Taiwan
2025-07-18 01:30:56 [main] INFO  pages.TablesPage - Taiwan
2025-07-18 01:30:56 [main] INFO  pages.TablesPage - Rank = Taiwan
2025-07-18 01:30:56 [main] INFO  pages.TablesPage - Taiwan
2025-07-18 01:30:56 [main] INFO  pages.TablesPage - … = Taiwan
2025-07-18 01:30:56 [main] INFO  pages.TablesPage - Taiwan
2025-07-18 01:30:56 [main] INFO  pages.TablesPage - Country = Taipei
2025-07-18 01:30:56 [main] INFO  pages.TablesPage - Taipei
2025-07-18 01:30:56 [main] INFO  pages.TablesPage - City = Taipei
2025-07-18 01:30:56 [main] INFO  pages.TablesPage - Taipei
2025-07-18 01:30:56 [main] INFO  pages.TablesPage - Height = Taipei
2025-07-18 01:30:56 [main] INFO  pages.TablesPage - Taipei
2025-07-18 01:30:56 [main] INFO  pages.TablesPage - Built = Taipei
2025-07-18 01:30:56 [main] INFO  pages.TablesPage - Taipei
2025-07-18 01:30:56 [main] INFO  pages.TablesPage - Rank = Taipei
2025-07-18 01:30:56 [main] INFO  pages.TablesPage - Taipei
2025-07-18 01:30:56 [main] INFO  pages.TablesPage - … = Taipei
2025-07-18 01:30:56 [main] INFO  pages.TablesPage - Taipei
2025-07-18 01:30:56 [main] INFO  pages.TablesPage - Country = 509m
2025-07-18 01:30:56 [main] INFO  pages.TablesPage - 509m
2025-07-18 01:30:56 [main] INFO  pages.TablesPage - City = 509m
2025-07-18 01:30:56 [main] INFO  pages.TablesPage - 509m
2025-07-18 01:30:56 [main] INFO  pages.TablesPage - Height = 509m
2025-07-18 01:30:56 [main] INFO  pages.TablesPage - 509m
2025-07-18 01:30:56 [main] INFO  pages.TablesPage - Built = 509m
2025-07-18 01:30:56 [main] INFO  pages.TablesPage - 509m
2025-07-18 01:30:56 [main] INFO  pages.TablesPage - Rank = 509m
2025-07-18 01:30:56 [main] INFO  pages.TablesPage - 509m
2025-07-18 01:30:56 [main] INFO  pages.TablesPage - … = 509m
2025-07-18 01:30:56 [main] INFO  pages.TablesPage - 509m
2025-07-18 01:30:56 [main] INFO  pages.TablesPage - Country = 2004
2025-07-18 01:30:56 [main] INFO  pages.TablesPage - 2004
2025-07-18 01:30:56 [main] INFO  pages.TablesPage - City = 2004
2025-07-18 01:30:56 [main] INFO  pages.TablesPage - 2004
2025-07-18 01:30:56 [main] INFO  pages.TablesPage - Height = 2004
2025-07-18 01:30:56 [main] INFO  pages.TablesPage - 2004
2025-07-18 01:30:56 [main] INFO  pages.TablesPage - Built = 2004
2025-07-18 01:30:56 [main] INFO  pages.TablesPage - 2004
2025-07-18 01:30:56 [main] INFO  pages.TablesPage - Rank = 2004
2025-07-18 01:30:56 [main] INFO  pages.TablesPage - 2004
2025-07-18 01:30:56 [main] INFO  pages.TablesPage - … = 2004
2025-07-18 01:30:56 [main] INFO  pages.TablesPage - 2004
2025-07-18 01:30:56 [main] INFO  pages.TablesPage - Country = 3
2025-07-18 01:30:56 [main] INFO  pages.TablesPage - 3
2025-07-18 01:30:56 [main] INFO  pages.TablesPage - City = 3
2025-07-18 01:30:56 [main] INFO  pages.TablesPage - 3
2025-07-18 01:30:56 [main] INFO  pages.TablesPage - Height = 3
2025-07-18 01:30:56 [main] INFO  pages.TablesPage - 3
2025-07-18 01:30:56 [main] INFO  pages.TablesPage - Built = 3
2025-07-18 01:30:56 [main] INFO  pages.TablesPage - 3
2025-07-18 01:30:56 [main] INFO  pages.TablesPage - Rank = 3
2025-07-18 01:30:56 [main] INFO  pages.TablesPage - 3
2025-07-18 01:30:57 [main] INFO  pages.TablesPage - … = 3
2025-07-18 01:30:57 [main] INFO  pages.TablesPage - 3
2025-07-18 01:30:57 [main] INFO  pages.TablesPage - Country = 
2025-07-18 01:30:57 [main] INFO  pages.TablesPage - 
2025-07-18 01:30:57 [main] INFO  pages.TablesPage - City = 
2025-07-18 01:30:57 [main] INFO  pages.TablesPage - 
2025-07-18 01:30:57 [main] INFO  pages.TablesPage - Height = 
2025-07-18 01:30:57 [main] INFO  pages.TablesPage - 
2025-07-18 01:30:57 [main] INFO  pages.TablesPage - Built = 
2025-07-18 01:30:57 [main] INFO  pages.TablesPage - 
2025-07-18 01:30:57 [main] INFO  pages.TablesPage - Rank = 
2025-07-18 01:30:57 [main] INFO  pages.TablesPage - 
2025-07-18 01:30:57 [main] INFO  pages.TablesPage - … = 
2025-07-18 01:30:57 [main] INFO  pages.TablesPage - 
2025-07-18 01:30:57 [main] INFO  base.BaseClass - Execution Completed
2025-07-18 01:32:08 [main] INFO  base.BaseClass - Execution Starts
2025-07-18 01:32:13 [main] INFO  pages.TablesPage - Country = Taiwan
2025-07-18 01:32:13 [main] INFO  pages.TablesPage - Taiwan
2025-07-18 01:32:13 [main] INFO  pages.TablesPage - City = Taiwan
2025-07-18 01:32:13 [main] INFO  pages.TablesPage - Taiwan
2025-07-18 01:32:13 [main] INFO  pages.TablesPage - Height = Taiwan
2025-07-18 01:32:13 [main] INFO  pages.TablesPage - Taiwan
2025-07-18 01:32:13 [main] INFO  pages.TablesPage - Built = Taiwan
2025-07-18 01:32:13 [main] INFO  pages.TablesPage - Taiwan
2025-07-18 01:32:13 [main] INFO  pages.TablesPage - Rank = Taiwan
2025-07-18 01:32:13 [main] INFO  pages.TablesPage - Taiwan
2025-07-18 01:32:13 [main] INFO  pages.TablesPage - … = Taiwan
2025-07-18 01:32:13 [main] INFO  pages.TablesPage - Taiwan
2025-07-18 01:32:13 [main] INFO  pages.TablesPage - Country = Taipei
2025-07-18 01:32:13 [main] INFO  pages.TablesPage - Taipei
2025-07-18 01:32:13 [main] INFO  pages.TablesPage - City = Taipei
2025-07-18 01:32:13 [main] INFO  pages.TablesPage - Taipei
2025-07-18 01:32:13 [main] INFO  pages.TablesPage - Height = Taipei
2025-07-18 01:32:13 [main] INFO  pages.TablesPage - Taipei
2025-07-18 01:32:13 [main] INFO  pages.TablesPage - Built = Taipei
2025-07-18 01:32:13 [main] INFO  pages.TablesPage - Taipei
2025-07-18 01:32:13 [main] INFO  pages.TablesPage - Rank = Taipei
2025-07-18 01:32:13 [main] INFO  pages.TablesPage - Taipei
2025-07-18 01:32:13 [main] INFO  pages.TablesPage - … = Taipei
2025-07-18 01:32:13 [main] INFO  pages.TablesPage - Taipei
2025-07-18 01:32:13 [main] INFO  pages.TablesPage - Country = 509m
2025-07-18 01:32:13 [main] INFO  pages.TablesPage - 509m
2025-07-18 01:32:13 [main] INFO  pages.TablesPage - City = 509m
2025-07-18 01:32:13 [main] INFO  pages.TablesPage - 509m
2025-07-18 01:32:13 [main] INFO  pages.TablesPage - Height = 509m
2025-07-18 01:32:13 [main] INFO  pages.TablesPage - 509m
2025-07-18 01:32:13 [main] INFO  pages.TablesPage - Built = 509m
2025-07-18 01:32:13 [main] INFO  pages.TablesPage - 509m
2025-07-18 01:32:13 [main] INFO  pages.TablesPage - Rank = 509m
2025-07-18 01:32:13 [main] INFO  pages.TablesPage - 509m
2025-07-18 01:32:13 [main] INFO  pages.TablesPage - … = 509m
2025-07-18 01:32:13 [main] INFO  pages.TablesPage - 509m
2025-07-18 01:32:13 [main] INFO  pages.TablesPage - Country = 2004
2025-07-18 01:32:13 [main] INFO  pages.TablesPage - 2004
2025-07-18 01:32:13 [main] INFO  pages.TablesPage - City = 2004
2025-07-18 01:32:13 [main] INFO  pages.TablesPage - 2004
2025-07-18 01:32:14 [main] INFO  pages.TablesPage - Height = 2004
2025-07-18 01:32:14 [main] INFO  pages.TablesPage - 2004
2025-07-18 01:32:14 [main] INFO  pages.TablesPage - Built = 2004
2025-07-18 01:32:14 [main] INFO  pages.TablesPage - 2004
2025-07-18 01:32:14 [main] INFO  pages.TablesPage - Rank = 2004
2025-07-18 01:32:14 [main] INFO  pages.TablesPage - 2004
2025-07-18 01:32:14 [main] INFO  pages.TablesPage - … = 2004
2025-07-18 01:32:14 [main] INFO  pages.TablesPage - 2004
2025-07-18 01:32:14 [main] INFO  pages.TablesPage - Country = 3
2025-07-18 01:32:14 [main] INFO  pages.TablesPage - 3
2025-07-18 01:32:14 [main] INFO  pages.TablesPage - City = 3
2025-07-18 01:32:14 [main] INFO  pages.TablesPage - 3
2025-07-18 01:32:14 [main] INFO  pages.TablesPage - Height = 3
2025-07-18 01:32:14 [main] INFO  pages.TablesPage - 3
2025-07-18 01:32:14 [main] INFO  pages.TablesPage - Built = 3
2025-07-18 01:32:14 [main] INFO  pages.TablesPage - 3
2025-07-18 01:32:14 [main] INFO  pages.TablesPage - Rank = 3
2025-07-18 01:32:14 [main] INFO  pages.TablesPage - 3
2025-07-18 01:32:14 [main] INFO  pages.TablesPage - … = 3
2025-07-18 01:32:14 [main] INFO  pages.TablesPage - 3
2025-07-18 01:32:14 [main] INFO  pages.TablesPage - Country = 
2025-07-18 01:32:14 [main] INFO  pages.TablesPage - 
2025-07-18 01:32:14 [main] INFO  pages.TablesPage - City = 
2025-07-18 01:32:14 [main] INFO  pages.TablesPage - 
2025-07-18 01:32:14 [main] INFO  pages.TablesPage - Height = 
2025-07-18 01:32:14 [main] INFO  pages.TablesPage - 
2025-07-18 01:32:14 [main] INFO  pages.TablesPage - Built = 
2025-07-18 01:32:14 [main] INFO  pages.TablesPage - 
2025-07-18 01:32:14 [main] INFO  pages.TablesPage - Rank = 
2025-07-18 01:32:14 [main] INFO  pages.TablesPage - 
2025-07-18 01:32:14 [main] INFO  pages.TablesPage - … = 
2025-07-18 01:32:14 [main] INFO  pages.TablesPage - 
2025-07-18 01:32:14 [main] INFO  base.BaseClass - Execution Completed
2025-07-18 01:33:52 [main] INFO  base.BaseClass - Execution Starts
2025-07-18 01:33:58 [main] INFO  pages.TablesPage - Country = Taiwan
2025-07-18 01:33:58 [main] INFO  pages.TablesPage - Country = Taipei
2025-07-18 01:33:58 [main] INFO  pages.TablesPage - Country = 509m
2025-07-18 01:33:58 [main] INFO  pages.TablesPage - Country = 2004
2025-07-18 01:33:58 [main] INFO  pages.TablesPage - Country = 3
2025-07-18 01:33:58 [main] INFO  pages.TablesPage - Country = 
2025-07-18 01:33:59 [main] INFO  base.BaseClass - Execution Completed
2025-07-18 01:34:49 [main] INFO  base.BaseClass - Execution Starts
2025-07-18 01:34:56 [main] INFO  pages.TablesPage - Country = Taiwan
2025-07-18 01:34:56 [main] INFO  pages.TablesPage - City = Taipei
2025-07-18 01:34:56 [main] INFO  pages.TablesPage - Height = 509m
2025-07-18 01:34:56 [main] INFO  pages.TablesPage - Built = 2004
2025-07-18 01:34:56 [main] INFO  pages.TablesPage - Rank = 3
2025-07-18 01:34:56 [main] INFO  pages.TablesPage - … = 
2025-07-18 01:34:56 [main] INFO  base.BaseClass - Execution Completed
2025-07-18 01:35:42 [main] INFO  base.BaseClass - Execution Starts
2025-07-18 01:35:49 [main] INFO  base.BaseClass - Execution Completed
2025-07-18 01:36:37 [main] INFO  base.BaseClass - Execution Starts
2025-07-18 01:36:46 [main] INFO  base.BaseClass - Execution Completed
2025-07-18 01:37:45 [main] INFO  base.BaseClass - Execution Starts
2025-07-18 01:37:51 [main] INFO  base.BaseClass - Execution Completed
2025-07-18 01:39:37 [main] INFO  base.BaseClass - Execution Starts
2025-07-18 01:39:42 [main] INFO  pages.TablesPage - Country = Taiwan
2025-07-18 01:39:42 [main] INFO  pages.TablesPage - City = Taipei
2025-07-18 01:39:42 [main] INFO  pages.TablesPage - Height = 509m
2025-07-18 01:39:42 [main] INFO  pages.TablesPage - Built = 2004
2025-07-18 01:39:42 [main] INFO  pages.TablesPage - Rank = 3
2025-07-18 01:39:42 [main] INFO  pages.TablesPage - … = 
2025-07-18 01:39:43 [main] INFO  base.BaseClass - Execution Completed
2025-07-18 01:42:59 [main] INFO  base.BaseClass - Execution Starts
2025-07-18 01:43:06 [main] INFO  base.BaseClass - Execution Completed
2025-07-18 01:46:04 [main] INFO  base.BaseClass - Execution Starts
2025-07-18 01:46:10 [main] INFO  pages.TablesPage - Else condition is executed
2025-07-18 01:46:10 [main] INFO  pages.TablesPage - Else condition is executed
2025-07-18 01:46:10 [main] INFO  pages.TablesPage - Else condition is executed
2025-07-18 01:46:10 [main] INFO  pages.TablesPage - Else condition is executed
2025-07-18 01:46:10 [main] INFO  base.BaseClass - Execution Completed
2025-07-18 01:46:59 [main] INFO  base.BaseClass - Execution Starts
2025-07-18 01:47:05 [main] INFO  pages.TablesPage - Burj Khalifa
2025-07-18 01:47:05 [main] INFO  pages.TablesPage - Else condition is executed
2025-07-18 01:47:05 [main] INFO  pages.TablesPage - Clock Tower Hotel
2025-07-18 01:47:05 [main] INFO  pages.TablesPage - Else condition is executed
2025-07-18 01:47:05 [main] INFO  pages.TablesPage - Taipei 101
2025-07-18 01:47:05 [main] INFO  pages.TablesPage - Else condition is executed
2025-07-18 01:47:05 [main] INFO  pages.TablesPage - Financial Center
2025-07-18 01:47:05 [main] INFO  pages.TablesPage - Else condition is executed
2025-07-18 01:47:06 [main] INFO  base.BaseClass - Execution Completed
2025-07-18 01:48:15 [main] INFO  base.BaseClass - Execution Starts
2025-07-18 01:48:36 [main] INFO  base.BaseClass - Execution Starts
2025-07-18 01:48:42 [main] INFO  pages.TablesPage - Burj Khalifa
2025-07-18 01:48:42 [main] INFO  pages.TablesPage - Entered Structure.equals If Condition
2025-07-18 01:48:43 [main] INFO  pages.TablesPage - Country = UAE
2025-07-18 01:48:43 [main] INFO  pages.TablesPage - City = Dubai
2025-07-18 01:48:43 [main] INFO  pages.TablesPage - Height = 829m
2025-07-18 01:48:43 [main] INFO  pages.TablesPage - Built = 2010
2025-07-18 01:48:43 [main] INFO  pages.TablesPage - Rank = 1
2025-07-18 01:48:43 [main] INFO  pages.TablesPage - … = 
2025-07-18 01:48:43 [main] INFO  pages.TablesPage - Clock Tower Hotel
2025-07-18 01:48:43 [main] INFO  pages.TablesPage - Else condition is executed
2025-07-18 01:48:43 [main] INFO  pages.TablesPage - Taipei 101
2025-07-18 01:48:43 [main] INFO  pages.TablesPage - Else condition is executed
2025-07-18 01:48:43 [main] INFO  pages.TablesPage - Financial Center
2025-07-18 01:48:43 [main] INFO  pages.TablesPage - Else condition is executed
2025-07-18 01:48:43 [main] INFO  base.BaseClass - Execution Completed
2025-07-18 01:51:21 [main] INFO  base.BaseClass - Execution Starts
2025-07-18 01:51:27 [main] INFO  testclasses.TablesPageTestClass - Clock Tower Hotel	
2025-07-18 01:51:27 [main] INFO  pages.TablesPage - Burj Khalifa
2025-07-18 01:51:27 [main] INFO  pages.TablesPage - Else condition is executed
2025-07-18 01:51:27 [main] INFO  pages.TablesPage - Clock Tower Hotel
2025-07-18 01:51:27 [main] INFO  pages.TablesPage - Else condition is executed
2025-07-18 01:51:27 [main] INFO  pages.TablesPage - Taipei 101
2025-07-18 01:51:27 [main] INFO  pages.TablesPage - Else condition is executed
2025-07-18 01:51:27 [main] INFO  pages.TablesPage - Financial Center
2025-07-18 01:51:27 [main] INFO  pages.TablesPage - Else condition is executed
2025-07-18 01:51:27 [main] INFO  base.BaseClass - Execution Completed
2025-07-18 01:53:01 [main] INFO  base.BaseClass - Execution Starts
2025-07-18 01:53:08 [main] INFO  testclasses.TablesPageTestClass - Clock Tower Hotel	
2025-07-18 01:53:08 [main] INFO  pages.TablesPage - Burj Khalifa
2025-07-18 01:53:08 [main] INFO  pages.TablesPage - Else condition is executed
2025-07-18 01:53:08 [main] INFO  pages.TablesPage - Clock Tower Hotel
2025-07-18 01:53:08 [main] INFO  pages.TablesPage - Else condition is executed
2025-07-18 01:53:08 [main] INFO  pages.TablesPage - Taipei 101
2025-07-18 01:53:08 [main] INFO  pages.TablesPage - Else condition is executed
2025-07-18 01:53:08 [main] INFO  pages.TablesPage - Financial Center
2025-07-18 01:53:08 [main] INFO  pages.TablesPage - Else condition is executed
2025-07-18 01:53:08 [main] INFO  base.BaseClass - Execution Completed
2025-07-18 01:54:23 [main] INFO  base.BaseClass - Execution Starts
2025-07-18 01:54:26 [main] INFO  testclasses.TablesPageTestClass - Clock Tower Hotel	
2025-07-18 01:54:26 [main] INFO  pages.TablesPage - Burj Khalifa
2025-07-18 01:54:26 [main] INFO  pages.TablesPage - Else condition is executed
2025-07-18 01:54:26 [main] INFO  pages.TablesPage - Clock Tower Hotel
2025-07-18 01:54:26 [main] INFO  pages.TablesPage - Entered Structure.equals If Condition
2025-07-18 01:54:26 [main] INFO  pages.TablesPage - Country = Saudi Arabia
2025-07-18 01:54:26 [main] INFO  pages.TablesPage - City = Mecca
2025-07-18 01:54:26 [main] INFO  pages.TablesPage - Height = 601m
2025-07-18 01:54:27 [main] INFO  pages.TablesPage - Built = 2012
2025-07-18 01:54:27 [main] INFO  pages.TablesPage - Rank = 2
2025-07-18 01:54:27 [main] INFO  pages.TablesPage - … = 
2025-07-18 01:54:27 [main] INFO  pages.TablesPage - Taipei 101
2025-07-18 01:54:27 [main] INFO  pages.TablesPage - Else condition is executed
2025-07-18 01:54:27 [main] INFO  pages.TablesPage - Financial Center
2025-07-18 01:54:27 [main] INFO  pages.TablesPage - Else condition is executed
2025-07-18 01:54:27 [main] INFO  base.BaseClass - Execution Completed
2025-07-18 01:55:19 [main] INFO  base.BaseClass - Execution Starts
2025-07-18 01:55:26 [main] INFO  pages.TablesPage - Entered Structure.equals If Condition
2025-07-18 01:55:26 [main] INFO  pages.TablesPage - Country = Saudi Arabia
2025-07-18 01:55:26 [main] INFO  pages.TablesPage - City = Mecca
2025-07-18 01:55:26 [main] INFO  pages.TablesPage - Height = 601m
2025-07-18 01:55:26 [main] INFO  pages.TablesPage - Built = 2012
2025-07-18 01:55:26 [main] INFO  pages.TablesPage - Rank = 2
2025-07-18 01:55:26 [main] INFO  pages.TablesPage - … = 
2025-07-18 01:55:26 [main] INFO  base.BaseClass - Execution Completed
2025-07-18 01:56:56 [main] INFO  base.BaseClass - Execution Starts
2025-07-18 01:57:02 [main] INFO  pages.TablesPage - Country = Saudi Arabia
2025-07-18 01:57:02 [main] INFO  pages.TablesPage - City = Mecca
2025-07-18 01:57:02 [main] INFO  pages.TablesPage - Height = 601m
2025-07-18 01:57:02 [main] INFO  pages.TablesPage - Built = 2012
2025-07-18 01:57:02 [main] INFO  pages.TablesPage - Rank = 2
2025-07-18 01:57:02 [main] INFO  pages.TablesPage - … = 
2025-07-18 01:57:03 [main] INFO  base.BaseClass - Execution Completed
2025-07-18 01:57:44 [main] INFO  base.BaseClass - Execution Starts
2025-07-18 01:57:50 [main] INFO  pages.TablesPage - Country = UAE
2025-07-18 01:57:50 [main] INFO  pages.TablesPage - City = Dubai
2025-07-18 01:57:50 [main] INFO  pages.TablesPage - Height = 829m
2025-07-18 01:57:50 [main] INFO  pages.TablesPage - Built = 2010
2025-07-18 01:57:50 [main] INFO  pages.TablesPage - Rank = 1
2025-07-18 01:57:50 [main] INFO  pages.TablesPage - … = 
2025-07-18 01:57:50 [main] INFO  base.BaseClass - Execution Completed
2025-07-18 01:59:33 [main] INFO  base.BaseClass - Execution Starts
2025-07-18 01:59:40 [main] INFO  pages.TablesPage - Country = UAE
2025-07-18 01:59:40 [main] INFO  pages.TablesPage - City = Dubai
2025-07-18 01:59:40 [main] INFO  pages.TablesPage - Height = 829m
2025-07-18 01:59:40 [main] INFO  pages.TablesPage - Built = 2010
2025-07-18 01:59:40 [main] INFO  pages.TablesPage - Rank = 1
2025-07-18 01:59:40 [main] INFO  pages.TablesPage - … = 
2025-07-18 01:59:40 [main] INFO  base.BaseClass - Execution Completed
2025-07-18 01:59:57 [main] INFO  base.BaseClass - Execution Starts
2025-07-18 02:00:03 [main] INFO  pages.TablesPage - Country = China
2025-07-18 02:00:03 [main] INFO  pages.TablesPage - City = Shanghai
2025-07-18 02:00:03 [main] INFO  pages.TablesPage - Height = 492m
2025-07-18 02:00:03 [main] INFO  pages.TablesPage - Built = 2008
2025-07-18 02:00:03 [main] INFO  pages.TablesPage - Rank = 4
2025-07-18 02:00:03 [main] INFO  pages.TablesPage - … = 
2025-07-18 02:00:04 [main] INFO  base.BaseClass - Execution Completed
2025-07-18 02:01:49 [main] INFO  base.BaseClass - Execution Starts
2025-07-18 02:01:55 [main] INFO  pages.TablesPage - Structure = Financial Center
2025-07-18 02:01:55 [main] INFO  pages.TablesPage - Country = China
2025-07-18 02:01:55 [main] INFO  pages.TablesPage - City = Shanghai
2025-07-18 02:01:55 [main] INFO  pages.TablesPage - Height = 492m
2025-07-18 02:01:55 [main] INFO  pages.TablesPage - Built = 2008
2025-07-18 02:01:55 [main] INFO  pages.TablesPage - Rank = 4
2025-07-18 02:01:55 [main] INFO  pages.TablesPage - … = 
2025-07-18 02:01:55 [main] INFO  base.BaseClass - Execution Completed
2025-07-18 02:02:57 [main] INFO  base.BaseClass - Execution Starts
2025-07-18 02:03:03 [main] INFO  pages.TablesPage - Structure = Financial Center
2025-07-18 02:03:03 [main] INFO  pages.TablesPage - Country = China
2025-07-18 02:03:03 [main] INFO  pages.TablesPage - City = Shanghai
2025-07-18 02:03:03 [main] INFO  pages.TablesPage - Height = 492m
2025-07-18 02:03:03 [main] INFO  pages.TablesPage - Built = 2008
2025-07-18 02:03:03 [main] INFO  pages.TablesPage - Rank = 4
2025-07-18 02:03:03 [main] INFO  pages.TablesPage - … = 
2025-07-18 02:03:03 [main] INFO  base.BaseClass - Execution Completed
2025-07-18 20:40:31 [main] INFO  base.BaseClass - Execution Starts
2025-07-18 20:40:36 [main] INFO  pages.RegisterPage - Privacy Policy
2025-07-18 20:40:37 [main] INFO  base.BaseClass - Execution Completed
2025-07-19 00:07:11 [main] INFO  base.BaseClass - Execution Starts
2025-07-19 00:07:17 [main] INFO  pages.RegisterPage - Privacy Policy
2025-07-19 00:07:17 [main] INFO  base.BaseClass - Execution Completed
2025-07-19 15:01:36 [main] INFO  base.BaseClass - Execution Starts
2025-07-19 15:01:41 [main] INFO  base.BaseClass - Execution Completed
2025-07-19 15:02:27 [main] INFO  base.BaseClass - Execution Starts
2025-07-19 15:02:31 [main] INFO  base.BaseClass - Execution Completed
2025-07-19 15:02:56 [main] INFO  base.BaseClass - Execution Starts
2025-07-19 15:05:36 [main] INFO  base.BaseClass - Execution Starts
2025-07-19 18:02:53 [main] INFO  base.BaseClass - Execution Starts
2025-07-19 18:04:12 [main] INFO  base.BaseClass - Execution Starts
2025-07-19 18:05:28 [main] INFO  base.BaseClass - Execution Starts
2025-07-19 18:20:36 [main] INFO  base.BaseClass - Execution Starts
2025-07-19 18:21:22 [main] INFO  base.BaseClass - Execution Starts
2025-07-19 18:22:49 [main] INFO  base.BaseClass - Execution Starts
2025-07-19 18:24:14 [main] INFO  base.BaseClass - Execution Starts
2025-07-19 18:26:12 [main] INFO  base.BaseClass - Execution Starts
2025-07-19 18:32:42 [main] INFO  base.BaseClass - Execution Starts
2025-07-19 18:44:43 [main] INFO  base.BaseClass - Execution Starts
2025-07-19 18:45:25 [main] INFO  base.BaseClass - Execution Starts
2025-07-19 18:45:32 [main] INFO  base.BaseClass - Execution Starts
2025-07-19 18:46:00 [main] INFO  pages.WindoHandlePage - This is a sample page
2025-07-20 09:24:55 [main] INFO  base.BaseClass - Execution Starts
2025-07-20 09:26:29 [main] INFO  base.BaseClass - Execution Starts
2025-07-20 13:41:22 [main] INFO  base.BaseClass - Execution Starts
2025-07-20 13:43:03 [main] INFO  base.BaseClass - Execution Starts
2025-07-20 13:44:32 [main] INFO  base.BaseClass - Execution Starts
2025-07-20 13:52:17 [main] INFO  base.BaseClass - Execution Starts
2025-07-20 14:10:11 [main] INFO  base.BaseClass - Execution Starts
2025-07-20 14:11:27 [main] INFO  base.BaseClass - Execution Starts
2025-07-20 14:15:04 [main] INFO  base.BaseClass - Execution Starts
2025-07-20 14:16:08 [main] INFO  base.BaseClass - Execution Starts
2025-07-20 14:34:12 [main] INFO  base.BaseClass - Execution Starts
2025-07-20 14:36:05 [main] INFO  base.BaseClass - Execution Starts
2025-07-20 14:38:55 [main] INFO  base.BaseClass - Execution Starts
2025-07-20 14:39:27 [main] INFO  base.BaseClass - Execution Starts
2025-07-20 14:40:00 [main] INFO  base.BaseClass - Execution Starts
2025-07-20 14:47:15 [main] INFO  base.BaseClass - Execution Starts
2025-07-20 14:48:32 [main] INFO  base.BaseClass - Execution Starts
2025-07-21 08:26:25 [main] INFO  base.BaseClass - Execution Starts
2025-07-21 08:31:30 [main] INFO  base.BaseClass - Execution Starts
2025-07-21 18:27:14 [main] INFO  base.BaseClass - Execution Starts
2025-07-21 18:29:38 [main] INFO  base.BaseClass - Execution Starts
2025-07-21 18:34:53 [main] INFO  base.BaseClass - Execution Starts
2025-07-21 18:34:59 [main] INFO  pages.RegisterPage - Privacy Policy
2025-07-21 18:36:24 [main] INFO  base.BaseClass - Execution Starts
2025-07-21 18:36:30 [main] INFO  pages.RegisterPage - Privacy Policy
2025-07-21 18:46:53 [main] INFO  base.BaseClass - Execution Starts
2025-07-21 18:46:58 [main] INFO  pages.RegisterPage - Privacy Policy
2025-07-21 19:34:05 [main] INFO  base.BaseClass - Execution Starts
2025-07-21 19:34:11 [main] INFO  pages.RegisterPage - Privacy Policy
2025-07-23 07:05:51 [main] INFO  base.BaseClass - Execution Starts
2025-07-23 07:05:57 [main] INFO  pages.RegisterPage - Privacy Policy
2025-07-23 07:10:51 [main] INFO  base.BaseClass - Execution Starts
2025-07-23 07:10:57 [main] INFO  pages.RegisterPage - Privacy Policy
